# JRE version: Java(TM) SE Runtime Environment (8.0_202-b08) (build 1.8.0_202-b08)
# Java VM: Java HotSpot(TM) 64-Bit Server VM (25.202-b08 mixed mode windows-amd64 compressed oops)
Heap:
 PSYoungGen      total 791552K, used 544337K [0x0000000780000000, 0x00000007bef00000, 0x00000007c0000000)
  eden space 611840K, 63% used [0x0000000780000000,0x0000000797d9d578,0x00000007a5580000)
  from space 179712K, 85% used [0x00000007a5580000,0x00000007aeb76e90,0x00000007b0500000)
  to   space 202240K, 0% used [0x00000007b2980000,0x00000007b2980000,0x00000007bef00000)
 ParOldGen       total 1582080K, used 1303005K [0x0000000700000000, 0x0000000760900000, 0x0000000780000000)
  object space 1582080K, 82% used [0x0000000700000000,0x000000074f8774f0,0x0000000760900000)
 Metaspace       used 67018K, capacity 68892K, committed 69080K, reserved 1110016K
  class space    used 8307K, capacity 8870K, committed 8960K, reserved 1048576K
GC Heap History (10 events):
Event: 381.164 GC heap before
{Heap before GC invocations=139 (full 6):
 PSYoungGen      total 679424K, used 667736K [0x0000000780000000, 0x00000007ab580000, 0x00000007c0000000)
  eden space 649728K, 100% used [0x0000000780000000,0x00000007a7a80000,0x00000007a7a80000)
  from space 29696K, 60% used [0x00000007a9800000,0x00000007aa9961d0,0x00000007ab500000)
  to   space 30208K, 0% used [0x00000007a7a80000,0x00000007a7a80000,0x00000007a9800000)
 ParOldGen       total 1582080K, used 1082310K [0x0000000700000000, 0x0000000760900000, 0x0000000780000000)
  object space 1582080K, 68% used [0x0000000700000000,0x00000007420f1908,0x0000000760900000)
 Metaspace       used 63548K, capacity 65382K, committed 65496K, reserved 1105920K
  class space    used 8090K, capacity 8640K, committed 8704K, reserved 1048576K
Event: 381.257 GC heap after
Heap after GC invocations=139 (full 6):
 PSYoungGen      total 679936K, used 30206K [0x0000000780000000, 0x00000007b3680000, 0x00000007c0000000)
  eden space 649728K, 0% used [0x0000000780000000,0x0000000780000000,0x00000007a7a80000)
  from space 30208K, 99% used [0x00000007a7a80000,0x00000007a97ffb90,0x00000007a9800000)
  to   space 93696K, 0% used [0x00000007adb00000,0x00000007adb00000,0x00000007b3680000)
 ParOldGen       total 1582080K, used 1241806K [0x0000000700000000, 0x0000000760900000, 0x0000000780000000)
  object space 1582080K, 78% used [0x0000000700000000,0x000000074bcb3ab0,0x0000000760900000)
 Metaspace       used 63548K, capacity 65382K, committed 65496K, reserved 1105920K
  class space    used 8090K, capacity 8640K, committed 8704K, reserved 1048576K
}
Event: 383.812 GC heap before
{Heap before GC invocations=140 (full 6):
 PSYoungGen      total 679936K, used 679934K [0x0000000780000000, 0x00000007b3680000, 0x00000007c0000000)
  eden space 649728K, 100% used [0x0000000780000000,0x00000007a7a80000,0x00000007a7a80000)
  from space 30208K, 99% used [0x00000007a7a80000,0x00000007a97ffb90,0x00000007a9800000)
  to   space 93696K, 0% used [0x00000007adb00000,0x00000007adb00000,0x00000007b3680000)
 ParOldGen       total 1582080K, used 1241806K [0x0000000700000000, 0x0000000760900000, 0x0000000780000000)
  object space 1582080K, 78% used [0x0000000700000000,0x000000074bcb3ab0,0x0000000760900000)
 Metaspace       used 64755K, capacity 66588K, committed 66776K, reserved 1107968K
  class space    used 8156K, capacity 8678K, committed 8704K, reserved 1048576K
Event: 383.910 GC heap after
Heap after GC invocations=140 (full 6):
 PSYoungGen      total 713728K, used 93680K [0x0000000780000000, 0x00000007b8280000, 0x00000007c0000000)
  eden space 620032K, 0% used [0x0000000780000000,0x0000000780000000,0x00000007a5d80000)
  from space 93696K, 99% used [0x00000007adb00000,0x00000007b367c368,0x00000007b3680000)
  to   space 128512K, 0% used [0x00000007a5d80000,0x00000007a5d80000,0x00000007adb00000)
 ParOldGen       total 1582080K, used 1288664K [0x0000000700000000, 0x0000000760900000, 0x0000000780000000)
  object space 1582080K, 81% used [0x0000000700000000,0x000000074ea76310,0x0000000760900000)
 Metaspace       used 64755K, capacity 66588K, committed 66776K, reserved 1107968K
  class space    used 8156K, capacity 8678K, committed 8704K, reserved 1048576K
}
Event: 389.998 GC heap before
{Heap before GC invocations=141 (full 6):
 PSYoungGen      total 713728K, used 713712K [0x0000000780000000, 0x00000007b8280000, 0x00000007c0000000)
  eden space 620032K, 100% used [0x0000000780000000,0x00000007a5d80000,0x00000007a5d80000)
  from space 93696K, 99% used [0x00000007adb00000,0x00000007b367c368,0x00000007b3680000)
  to   space 128512K, 0% used [0x00000007a5d80000,0x00000007a5d80000,0x00000007adb00000)
 ParOldGen       total 1582080K, used 1288664K [0x0000000700000000, 0x0000000760900000, 0x0000000780000000)
  object space 1582080K, 81% used [0x0000000700000000,0x000000074ea76310,0x0000000760900000)
 Metaspace       used 66851K, capacity 68700K, committed 68824K, reserved 1110016K
  class space    used 8302K, capacity 8870K, committed 8960K, reserved 1048576K
Event: 390.110 GC heap after
Heap after GC invocations=141 (full 6):
 PSYoungGen      total 748544K, used 128492K [0x0000000780000000, 0x00000007b9e80000, 0x00000007c0000000)
  eden space 620032K, 0% used [0x0000000780000000,0x0000000780000000,0x00000007a5d80000)
  from space 128512K, 99% used [0x00000007a5d80000,0x00000007adafb248,0x00000007adb00000)
  to   space 157184K, 0% used [0x00000007b0500000,0x00000007b0500000,0x00000007b9e80000)
 ParOldGen       total 1582080K, used 1302749K [0x0000000700000000, 0x0000000760900000, 0x0000000780000000)
  object space 1582080K, 82% used [0x0000000700000000,0x000000074f8374f0,0x0000000760900000)
 Metaspace       used 66851K, capacity 68700K, committed 68824K, reserved 1110016K
  class space    used 8302K, capacity 8870K, committed 8960K, reserved 1048576K
}
Event: 396.323 GC heap before
{Heap before GC invocations=142 (full 6):
 PSYoungGen      total 748544K, used 748524K [0x0000000780000000, 0x00000007b9e80000, 0x00000007c0000000)
  eden space 620032K, 100% used [0x0000000780000000,0x00000007a5d80000,0x00000007a5d80000)
  from space 128512K, 99% used [0x00000007a5d80000,0x00000007adafb248,0x00000007adb00000)
  to   space 157184K, 0% used [0x00000007b0500000,0x00000007b0500000,0x00000007b9e80000)
 ParOldGen       total 1582080K, used 1302749K [0x0000000700000000, 0x0000000760900000, 0x0000000780000000)
  object space 1582080K, 82% used [0x0000000700000000,0x000000074f8374f0,0x0000000760900000)
 Metaspace       used 66945K, capacity 68828K, committed 69080K, reserved 1110016K
  class space    used 8305K, capacity 8870K, committed 8960K, reserved 1048576K
Event: 396.431 GC heap after
Heap after GC invocations=142 (full 6):
 PSYoungGen      total 769024K, used 140498K [0x0000000780000000, 0x00000007bcb00000, 0x00000007c0000000)
  eden space 611840K, 0% used [0x0000000780000000,0x0000000780000000,0x00000007a5580000)
  from space 157184K, 89% used [0x00000007b0500000,0x00000007b8e34bd0,0x00000007b9e80000)
  to   space 179712K, 0% used [0x00000007a5580000,0x00000007a5580000,0x00000007b0500000)
 ParOldGen       total 1582080K, used 1302997K [0x0000000700000000, 0x0000000760900000, 0x0000000780000000)
  object space 1582080K, 82% used [0x0000000700000000,0x000000074f8754f0,0x0000000760900000)
 Metaspace       used 66945K, capacity 68828K, committed 69080K, reserved 1110016K
  class space    used 8305K, capacity 8870K, committed 8960K, reserved 1048576K
}
Event: 403.766 GC heap before
{Heap before GC invocations=143 (full 6):
 PSYoungGen      total 769024K, used 752338K [0x0000000780000000, 0x00000007bcb00000, 0x00000007c0000000)
  eden space 611840K, 100% used [0x0000000780000000,0x00000007a5580000,0x00000007a5580000)
  from space 157184K, 89% used [0x00000007b0500000,0x00000007b8e34bd0,0x00000007b9e80000)
  to   space 179712K, 0% used [0x00000007a5580000,0x00000007a5580000,0x00000007b0500000)
 ParOldGen       total 1582080K, used 1302997K [0x0000000700000000, 0x0000000760900000, 0x0000000780000000)
  object space 1582080K, 82% used [0x0000000700000000,0x000000074f8754f0,0x0000000760900000)
 Metaspace       used 66970K, capacity 68828K, committed 69080K, reserved 1110016K
  class space    used 8305K, capacity 8870K, committed 8960K, reserved 1048576K
Event: 403.876 GC heap after
Heap after GC invocations=143 (full 6):
 PSYoungGen      total 791552K, used 153563K [0x0000000780000000, 0x00000007bef00000, 0x00000007c0000000)
  eden space 611840K, 0% used [0x0000000780000000,0x0000000780000000,0x00000007a5580000)
  from space 179712K, 85% used [0x00000007a5580000,0x00000007aeb76e90,0x00000007b0500000)
  to   space 202240K, 0% used [0x00000007b2980000,0x00000007b2980000,0x00000007bef00000)
 ParOldGen       total 1582080K, used 1303005K [0x0000000700000000, 0x0000000760900000, 0x0000000780000000)
  object space 1582080K, 82% used [0x0000000700000000,0x000000074f8774f0,0x0000000760900000)
 Metaspace       used 66970K, capacity 68828K, committed 69080K, reserved 1110016K
  class space    used 8305K, capacity 8870K, committed 8960K, reserved 1048576K
}

